2020-09-02 16:05:25,927 -INFO -打开app
2020-09-02 16:05:35,138 -INFO -进入首页成功
2020-09-02 16:05:35,140 -INFO -分发driver给一级菜单雪球
2020-09-02 16:05:35,140 -INFO -点击搜索输入框
2020-09-02 16:05:35,230 -INFO -传递driver给Search类
2020-09-02 16:05:44,243 -INFO -打开app
2020-09-02 16:05:55,339 -INFO -进入首页成功
2020-09-02 16:05:55,341 -INFO -分发driver给一级菜单雪球
2020-09-02 16:05:55,341 -INFO -点击搜索输入框
2020-09-02 16:05:55,457 -INFO -传递driver给Search类
2020-09-02 16:06:05,672 -INFO -打开app
2020-09-02 16:06:14,716 -INFO -进入首页成功
2020-09-02 16:06:14,717 -INFO -分发driver给一级菜单雪球
2020-09-02 16:06:14,718 -INFO -点击搜索输入框
2020-09-02 16:06:15,082 -INFO -传递driver给Search类
2020-09-02 16:07:02,988 -INFO -打开app
2020-09-02 16:07:13,367 -INFO -进入首页成功
2020-09-02 16:07:13,368 -INFO -分发driver给一级菜单雪球
2020-09-02 16:07:13,368 -INFO -点击搜索输入框
2020-09-02 16:07:13,525 -INFO -传递driver给Search类
2020-09-02 16:07:13,525 -INFO -输入name：<page.xue_qiu.search.Search object at 0x000002A8F8783DD8>
2020-09-02 16:07:21,543 -INFO -打开app
2020-09-02 16:07:30,494 -INFO -进入首页成功
2020-09-02 16:07:30,495 -INFO -分发driver给一级菜单雪球
2020-09-02 16:07:30,495 -INFO -点击搜索输入框
2020-09-02 16:07:31,649 -INFO -传递driver给Search类
2020-09-02 16:07:31,649 -INFO -输入name：<page.xue_qiu.search.Search object at 0x000002A8F87A6D30>
2020-09-02 16:07:40,826 -INFO -打开app
2020-09-02 16:07:50,381 -INFO -进入首页成功
2020-09-02 16:07:50,382 -INFO -分发driver给一级菜单雪球
2020-09-02 16:07:50,383 -INFO -点击搜索输入框
2020-09-02 16:07:50,499 -INFO -传递driver给Search类
2020-09-02 16:07:50,500 -INFO -输入name：<page.xue_qiu.search.Search object at 0x000002A8F87F8470>
2020-09-02 16:08:43,969 -INFO -打开app
2020-09-02 16:09:00,437 -INFO -打开app
2020-09-02 16:09:11,571 -INFO -进入首页成功
2020-09-02 16:09:11,572 -INFO -分发driver给一级菜单雪球
2020-09-02 16:09:11,573 -INFO -点击搜索输入框
2020-09-02 16:09:11,778 -INFO -传递driver给Search类
2020-09-02 16:09:11,779 -INFO -输入name：<page.xue_qiu.search.Search object at 0x0000018E7AF2CBA8>
2020-09-02 16:09:21,506 -INFO -打开app
2020-09-02 16:09:30,638 -INFO -进入首页成功
2020-09-02 16:09:30,639 -INFO -分发driver给一级菜单雪球
2020-09-02 16:09:30,639 -INFO -点击搜索输入框
2020-09-02 16:09:30,743 -INFO -传递driver给Search类
2020-09-02 16:09:30,744 -INFO -输入name：<page.xue_qiu.search.Search object at 0x0000018E7B563A58>
2020-09-02 16:10:54,212 -INFO -打开app
2020-09-02 16:11:03,307 -INFO -进入首页成功
2020-09-02 16:11:03,310 -INFO -分发driver给一级菜单雪球
2020-09-02 16:11:03,310 -INFO -点击搜索输入框
2020-09-02 16:11:03,698 -INFO -传递driver给Search类
2020-09-02 16:11:03,700 -INFO -输入name：阿里巴巴
2020-09-02 16:11:04,858 -INFO -点击股票
2020-09-02 16:11:38,223 -INFO -打开app
2020-09-02 16:11:47,470 -INFO -进入首页成功
2020-09-02 16:11:47,471 -INFO -分发driver给一级菜单雪球
2020-09-02 16:11:47,471 -INFO -点击搜索输入框
2020-09-02 16:11:47,814 -INFO -传递driver给Search类
2020-09-02 16:11:47,816 -INFO -输入name：腾讯
2020-09-02 16:11:49,513 -INFO -点击股票
2020-09-02 16:12:23,057 -INFO -打开app
2020-09-02 16:20:18,669 -INFO -打开app
2020-09-02 16:20:27,931 -INFO -进入首页成功
2020-09-02 16:20:27,932 -INFO -分发driver给一级菜单雪球
2020-09-02 16:20:27,933 -INFO -点击搜索输入框
2020-09-02 16:20:28,029 -INFO -传递driver给Search类
2020-09-02 16:20:28,029 -INFO -输入name：阿里巴巴
2020-09-02 16:20:39,002 -INFO -打开app
2020-09-02 16:20:50,464 -INFO -进入首页成功
2020-09-02 16:20:50,465 -INFO -分发driver给一级菜单雪球
2020-09-02 16:20:50,465 -INFO -点击搜索输入框
2020-09-02 16:20:50,602 -INFO -传递driver给Search类
2020-09-02 16:20:50,603 -INFO -输入name：腾讯
2020-09-02 16:21:00,926 -INFO -打开app
2020-09-02 16:21:09,883 -INFO -进入首页成功
2020-09-02 16:21:09,886 -INFO -分发driver给一级菜单雪球
2020-09-02 16:21:09,886 -INFO -点击搜索输入框
2020-09-02 16:21:10,025 -INFO -传递driver给Search类
2020-09-02 16:21:10,025 -INFO -输入name：茅台
2020-09-02 16:22:44,201 -INFO -打开app
2020-09-02 16:22:53,782 -INFO -进入首页成功
2020-09-02 16:22:53,782 -INFO -分发driver给一级菜单雪球
2020-09-02 16:22:53,784 -INFO -点击搜索输入框
2020-09-02 16:22:53,920 -INFO -传递driver给Search类
2020-09-02 16:22:53,921 -INFO -输入name：阿里巴巴
2020-09-02 16:23:04,134 -INFO -打开app
2020-09-02 16:23:13,459 -INFO -进入首页成功
2020-09-02 16:23:13,461 -INFO -分发driver给一级菜单雪球
2020-09-02 16:23:13,461 -INFO -点击搜索输入框
2020-09-02 16:23:13,711 -INFO -传递driver给Search类
2020-09-02 16:23:13,711 -INFO -输入name：腾讯
2020-09-02 16:23:23,821 -INFO -打开app
2020-09-02 16:23:33,240 -INFO -进入首页成功
2020-09-02 16:23:33,242 -INFO -分发driver给一级菜单雪球
2020-09-02 16:23:33,242 -INFO -点击搜索输入框
2020-09-02 16:23:33,733 -INFO -传递driver给Search类
2020-09-02 16:23:33,734 -INFO -输入name：茅台
2020-09-02 16:24:01,283 -INFO -打开app
2020-09-02 16:24:10,373 -INFO -进入首页成功
2020-09-02 16:24:10,375 -INFO -分发driver给一级菜单雪球
2020-09-02 16:24:10,375 -INFO -点击搜索输入框
2020-09-02 16:24:10,478 -INFO -传递driver给Search类
2020-09-02 16:24:10,479 -INFO -输入name：阿里巴巴
2020-09-02 16:24:11,640 -INFO -点击股票
2020-09-02 16:24:24,541 -INFO -打开app
2020-09-02 16:24:35,617 -INFO -进入首页成功
2020-09-02 16:24:35,619 -INFO -分发driver给一级菜单雪球
2020-09-02 16:24:35,619 -INFO -点击搜索输入框
2020-09-02 16:24:43,704 -INFO -打开app
2020-09-02 16:24:53,059 -INFO -进入首页成功
2020-09-02 16:24:53,061 -INFO -分发driver给一级菜单雪球
2020-09-02 16:24:53,062 -INFO -点击搜索输入框
2020-09-02 16:24:53,237 -INFO -传递driver给Search类
2020-09-02 16:24:53,238 -INFO -输入name：茅台
2020-09-02 16:24:54,951 -INFO -点击股票
